2020-09-23 19:40:57,959 INFO 10528 [egg-schedule]: register schedule E:\华清web\react\foodenjoy_egg\node_modules\_egg-multipart@2.10.3@egg-multipart\app\schedule\clean_tmpdir.js
2020-09-23 19:40:57,959 INFO 10528 [egg-schedule]: register schedule E:\华清web\react\foodenjoy_egg\node_modules\_egg-logrotator@3.1.0@egg-logrotator\app\schedule\clean_log.js
2020-09-23 19:40:57,959 INFO 10528 [egg-schedule]: register schedule E:\华清web\react\foodenjoy_egg\node_modules\_egg-logrotator@3.1.0@egg-logrotator\app\schedule\rotate_by_file.js
2020-09-23 19:42:37,213 INFO 10468 [Timer] E:\华清web\react\foodenjoy_egg\node_modules\_egg-multipart@2.10.3@egg-multipart\app\schedule\clean_tmpdir.js next time will execute after 31642790ms at 2020-09-24 04:30:00.003
2020-09-23 19:42:37,213 INFO 10468 [Timer] E:\华清web\react\foodenjoy_egg\node_modules\_egg-logrotator@3.1.0@egg-logrotator\app\schedule\clean_log.js next time will execute after 15442787ms at 2020-09-24 00:00:00.000
2020-09-23 19:42:37,213 INFO 10468 [Timer] E:\华清web\react\foodenjoy_egg\node_modules\_egg-logrotator@3.1.0@egg-logrotator\app\schedule\rotate_by_file.js next time will execute after 15443787ms at 2020-09-24 00:00:01.000
2020-09-23 19:42:36,908 INFO 9236 [egg-schedule]: register schedule E:\华清web\react\foodenjoy_egg\node_modules\_egg-multipart@2.10.3@egg-multipart\app\schedule\clean_tmpdir.js
2020-09-23 19:42:36,908 INFO 9236 [egg-schedule]: register schedule E:\华清web\react\foodenjoy_egg\node_modules\_egg-logrotator@3.1.0@egg-logrotator\app\schedule\clean_log.js
2020-09-23 19:42:36,908 INFO 9236 [egg-schedule]: register schedule E:\华清web\react\foodenjoy_egg\node_modules\_egg-logrotator@3.1.0@egg-logrotator\app\schedule\rotate_by_file.js
2020-09-23 20:20:35,461 INFO 8872 [egg-schedule]: register schedule E:\华清web\react\foodenjoy_egg\node_modules\_egg-multipart@2.10.3@egg-multipart\app\schedule\clean_tmpdir.js
2020-09-23 20:20:35,461 INFO 8872 [egg-schedule]: register schedule E:\华清web\react\foodenjoy_egg\node_modules\_egg-logrotator@3.1.0@egg-logrotator\app\schedule\clean_log.js
2020-09-23 20:20:35,461 INFO 8872 [egg-schedule]: register schedule E:\华清web\react\foodenjoy_egg\node_modules\_egg-logrotator@3.1.0@egg-logrotator\app\schedule\rotate_by_file.js
2020-09-23 20:20:37,701 INFO 8936 [Timer] E:\华清web\react\foodenjoy_egg\node_modules\_egg-multipart@2.10.3@egg-multipart\app\schedule\clean_tmpdir.js next time will execute after 29362302ms at 2020-09-24 04:30:00.003
2020-09-23 20:20:37,701 INFO 8936 [Timer] E:\华清web\react\foodenjoy_egg\node_modules\_egg-logrotator@3.1.0@egg-logrotator\app\schedule\clean_log.js next time will execute after 13162299ms at 2020-09-24 00:00:00.000
2020-09-23 20:20:37,701 INFO 8936 [Timer] E:\华清web\react\foodenjoy_egg\node_modules\_egg-logrotator@3.1.0@egg-logrotator\app\schedule\rotate_by_file.js next time will execute after 13163299ms at 2020-09-24 00:00:01.000
2020-09-24 10:55:59,648 INFO 11044 [egg-schedule]: register schedule E:\华清web\react\foodenjoy_egg\node_modules\_egg-multipart@2.10.3@egg-multipart\app\schedule\clean_tmpdir.js
2020-09-24 10:55:59,648 INFO 11044 [egg-schedule]: register schedule E:\华清web\react\foodenjoy_egg\node_modules\_egg-logrotator@3.1.0@egg-logrotator\app\schedule\clean_log.js
2020-09-24 10:55:59,648 INFO 11044 [egg-schedule]: register schedule E:\华清web\react\foodenjoy_egg\node_modules\_egg-logrotator@3.1.0@egg-logrotator\app\schedule\rotate_by_file.js
2020-09-24 10:56:02,795 INFO 10400 [Timer] E:\华清web\react\foodenjoy_egg\node_modules\_egg-multipart@2.10.3@egg-multipart\app\schedule\clean_tmpdir.js next time will execute after 63237207ms at 2020-09-25 04:30:00.002
2020-09-24 10:56:02,796 INFO 10400 [Timer] E:\华清web\react\foodenjoy_egg\node_modules\_egg-logrotator@3.1.0@egg-logrotator\app\schedule\clean_log.js next time will execute after 47037205ms at 2020-09-25 00:00:00.001
2020-09-24 10:56:02,796 INFO 10400 [Timer] E:\华清web\react\foodenjoy_egg\node_modules\_egg-logrotator@3.1.0@egg-logrotator\app\schedule\rotate_by_file.js next time will execute after 47038204ms at 2020-09-25 00:00:01.000
